<?xml version="1.0" encoding="UTF-8"?>
<!-- Generated by org.testng.reporters.JUnitReportReporter -->
<testsuite hostname="AMLQASRQA4204" failures="0" tests="1" name="utilities.TakeFullScreenshot" time="1.537" errors="0" timestamp="2025-04-17T00:01:38 EET" skipped="0">
  <testcase classname="utilities.TakeFullScreenshot" name="captureFullPageScreenshot" time="1.537"/>
</testsuite> <!-- utilities.TakeFullScreenshot -->
