<?xml version="1.0" encoding="UTF-8"?>
<!-- Generated by org.testng.reporters.JUnitReportReporter -->
<testsuite hostname="AMLQASRQA4204" failures="0" tests="3" name="testcases.CheckHomePageLoads" time="5.120" errors="0" timestamp="2025-04-16T22:06:05 EET" skipped="0">
  <testcase classname="testcases.CheckHomePageLoads" name="verifyBanner" time="4.953"/>
  <testcase classname="testcases.CheckHomePageLoads" name="verifyNavBar" time="0.076"/>
  <testcase classname="testcases.CheckHomePageLoads" name="verifyFooter" time="0.091"/>
</testsuite> <!-- testcases.CheckHomePageLoads -->
