<?xml version="1.0" encoding="UTF-8"?>
<!-- Generated by org.testng.reporters.JUnitReportReporter -->
<testsuite hostname="AMLQASRQA4204" failures="0" tests="1" name="testcases.SiteNavigation" time="1.628" errors="0" timestamp="2025-04-16T22:50:26 EET" skipped="0">
  <testcase classname="testcases.SiteNavigation" name="testButtonNavigation" time="1.628"/>
</testsuite> <!-- testcases.SiteNavigation -->
