<?xml version="1.0" encoding="UTF-8"?>
<!-- Generated by org.testng.reporters.JUnitReportReporter -->
<testsuite hostname="AMLQASRQA4204" failures="0" tests="1" name="testcases.CheckDropDownlistItems" time="0.342" errors="0" timestamp="2025-04-16T23:31:54 EET" skipped="0">
  <testcase classname="testcases.CheckDropDownlistItems" name="testDropdownVisibility" time="0.342"/>
</testsuite> <!-- testcases.CheckDropDownlistItems -->
