<?xml version="1.0" encoding="UTF-8"?>
<!-- Generated by org.testng.reporters.JUnitReportReporter -->
<testsuite hostname="AMLQASRQA4204" failures="0" tests="1" name="testcases.AuctionVerificationTest" time="2.922" errors="0" timestamp="2025-04-18T01:17:16 EET" skipped="0">
  <testcase classname="testcases.AuctionVerificationTest" name="testAuctionVerification" time="2.922"/>
</testsuite> <!-- testcases.AuctionVerificationTest -->
