<?xml version="1.0" encoding="UTF-8"?>
<!-- Generated by org.testng.reporters.JUnitReportReporter -->
<testsuite hostname="AMLQASRQA4204" failures="0" tests="1" name="testcases.ForTestPurposes" time="0.634" errors="0" timestamp="2025-04-15T17:10:28 EET" skipped="0">
  <testcase classname="testcases.ForTestPurposes" name="logintestcase" time="0.634"/>
</testsuite> <!-- testcases.ForTestPurposes -->
