<?xml version="1.0" encoding="UTF-8"?>
<!-- Generated by org.testng.reporters.JUnitReportReporter -->
<testsuite hostname="AMLQASRQA4204" failures="0" tests="1" name="testcases.SearchForAuction" time="2.793" errors="0" timestamp="2025-04-17T01:13:38 EET" skipped="0">
  <testcase classname="testcases.SearchForAuction" name="testSearchForAuction" time="2.793"/>
</testsuite> <!-- testcases.SearchForAuction -->
