<?xml version="1.0" encoding="UTF-8"?>
<!-- Generated by org.testng.reporters.JUnitReportReporter -->
<testsuite hostname="AMLQASRQA4204" failures="0" tests="1" name="testcases.CheckResponsiveness" time="2.317" errors="0" timestamp="2025-04-16T22:29:03 EET" skipped="0">
  <testcase classname="testcases.CheckResponsiveness" name="runResponsivenessTests" time="2.317"/>
</testsuite> <!-- testcases.CheckResponsiveness -->
